app/build/outputs/logs/manifest-merger-debug-report.txt
-- Merging decision tree log ---
manifest
ADDED from src\main\AndroidManifest.xml:2:1-113:12
	package
		ADDED from src\main\AndroidManifest.xml:3:5-36
		INJECTED from src\main\AndroidManifest.xml
		INJECTED from src\main\AndroidManifest.xml
	android:versionName
		INJECTED from src\main\AndroidManifest.xml
		INJECTED from src\main\AndroidManifest.xml
	xmlns:android
		ADDED from src\main\AndroidManifest.xml:2:11-69
	android:versionCode
		INJECTED from src\main\AndroidManifest.xml
		INJECTED from src\main\AndroidManifest.xml
uses-permission#android.permission.INTERNET
ADDED from src\main\AndroidManifest.xml:5:5-67
MERGED from [:checkUpdate1214:] AndroidManifest.xml:21:5-67
	android:name
		ADDED from src\main\AndroidManifest.xml:5:22-64
uses-permission#android.permission.GET_ACCOUNTS
ADDED from src\main\AndroidManifest.xml:7:5-71
	android:name
		ADDED from src\main\AndroidManifest.xml:7:22-68
uses-permission#android.permission.READ_PROFILE
ADDED from src\main\AndroidManifest.xml:8:5-71
	android:name
		ADDED from src\main\AndroidManifest.xml:8:22-68
uses-permission#android.permission.READ_CONTACTS
ADDED from src\main\AndroidManifest.xml:9:5-72
	android:name
		ADDED from src\main\AndroidManifest.xml:9:22-69
uses-permission#android.permission.WRITE_EXTERNAL_STORAGE
ADDED from src\main\AndroidManifest.xml:10:5-81
MERGED from [:checkUpdate1214:] AndroidManifest.xml:27:5-81
	android:name
		ADDED from src\main\AndroidManifest.xml:10:22-78
uses-permission#android.permission.READ_EXTERNAL_STORAGE
ADDED from src\main\AndroidManifest.xml:11:5-80
	android:name
		ADDED from src\main\AndroidManifest.xml:11:22-77
uses-permission#android.permission.ACCESS_NETWORK_STATE
ADDED from src\main\AndroidManifest.xml:12:5-79
MERGED from [:checkUpdate1214:] AndroidManifest.xml:15:5-79
	android:name
		ADDED from src\main\AndroidManifest.xml:12:22-76
uses-permission#android.permission.ACCESS_WIFI_STATE
ADDED from src\main\AndroidManifest.xml:13:5-76
MERGED from [:checkUpdate1214:] AndroidManifest.xml:17:5-76
	android:name
		ADDED from src\main\AndroidManifest.xml:13:22-73
uses-permission#android.permission.READ_PHONE_STATE
ADDED from src\main\AndroidManifest.xml:14:5-75
MERGED from [:checkUpdate1214:] AndroidManifest.xml:23:5-75
	android:name
		ADDED from src\main\AndroidManifest.xml:14:22-72
uses-permission#android.permission.RECEIVE_SMS
ADDED from src\main\AndroidManifest.xml:15:5-70
	android:name
		ADDED from src\main\AndroidManifest.xml:15:22-67
uses-permission#android.permission.READ_SMS
ADDED from src\main\AndroidManifest.xml:16:5-67
	android:name
		ADDED from src\main\AndroidManifest.xml:16:22-64
uses-permission#android.permission.SEND_SMS
ADDED from src\main\AndroidManifest.xml:17:5-67
	android:name
		ADDED from src\main\AndroidManifest.xml:17:22-64
uses-permission#android.permission.WRITE_SMS
ADDED from src\main\AndroidManifest.xml:18:5-68
	android:name
		ADDED from src\main\AndroidManifest.xml:18:22-65
application
ADDED from src\main\AndroidManifest.xml:20:5-111:19
MERGED from [:chose_address:] AndroidManifest.xml:11:5-17:19
MERGED from [:checkUpdate1214:] AndroidManifest.xml:31:5-33:38
MERGED from [com.android.support:cardview-v7:25.3.1] AndroidManifest.xml:26:5-20
MERGED from [com.android.support.constraint:constraint-layout:1.0.2] AndroidManifest.xml:9:5-20
MERGED from [com.android.support:design:25.3.1] AndroidManifest.xml:29:5-20
MERGED from [com.android.support:appcompat-v7:25.3.1] AndroidManifest.xml:29:5-20
MERGED from [com.android.support:animated-vector-drawable:25.3.1] AndroidManifest.xml:26:5-20
MERGED from [com.android.support:support-vector-drawable:25.3.1] AndroidManifest.xml:26:5-20
MERGED from [com.android.support:transition:25.3.1] AndroidManifest.xml:26:5-20
MERGED from [com.android.support:support-v4:25.3.1] AndroidManifest.xml:29:5-20
MERGED from [com.android.support:support-fragment:25.3.1] AndroidManifest.xml:29:5-20
MERGED from [com.android.support:support-media-compat:25.3.1] AndroidManifest.xml:29:5-20
MERGED from [com.android.support:support-core-ui:25.3.1] AndroidManifest.xml:29:5-20
MERGED from [com.android.support:support-core-utils:25.3.1] AndroidManifest.xml:29:5-20
MERGED from [com.android.support:support-compat:25.3.1] AndroidManifest.xml:29:5-20
MERGED from [com.github.zackratos.ultimatebar:ultimatebar2:2.0.0] AndroidManifest.xml:11:5-14:19
	android:label
		ADDED from src\main\AndroidManifest.xml:24:9-41
	android:supportsRtl
		ADDED from src\main\AndroidManifest.xml:26:9-35
	android:roundIcon
		ADDED from src\main\AndroidManifest.xml:25:9-54
	android:allowBackup
		ADDED from src\main\AndroidManifest.xml:22:9-35
	android:icon
		ADDED from src\main\AndroidManifest.xml:23:9-42
	android:theme
		ADDED from src\main\AndroidManifest.xml:27:9-52
	android:name
		ADDED from src\main\AndroidManifest.xml:21:9-47
activity#com.vegetablestrading.activity.LoginActivity
ADDED from src\main\AndroidManifest.xml:28:9-37:20
	android:screenOrientation
		ADDED from src\main\AndroidManifest.xml:31:13-49
	android:launchMode
		ADDED from src\main\AndroidManifest.xml:30:13-44
	android:name
		ADDED from src\main\AndroidManifest.xml:29:13-51
intent-filter#android.intent.action.MAIN+android.intent.category.LAUNCHER
ADDED from src\main\AndroidManifest.xml:32:13-36:29
action#android.intent.action.MAIN
ADDED from src\main\AndroidManifest.xml:33:17-69
	android:name
		ADDED from src\main\AndroidManifest.xml:33:25-66
category#android.intent.category.LAUNCHER
ADDED from src\main\AndroidManifest.xml:35:17-77
	android:name
		ADDED from src\main\AndroidManifest.xml:35:27-74
activity#com.vegetablestrading.wxapi.WXPayEntryActivity
ADDED from src\main\AndroidManifest.xml:38:9-41:46
	android:launchMode
		ADDED from src\main\AndroidManifest.xml:41:13-43
	android:exported
		ADDED from src\main\AndroidManifest.xml:40:13-36
	android:name
		ADDED from src\main\AndroidManifest.xml:39:13-53
activity#com.alipay.sdk.app.H5PayActivity
ADDED from src\main\AndroidManifest.xml:42:9-46:50
	android:screenOrientation
		ADDED from src\main\AndroidManifest.xml:46:13-47
	android:exported
		ADDED from src\main\AndroidManifest.xml:45:13-37
	android:configChanges
		ADDED from src\main\AndroidManifest.xml:44:13-74
	android:name
		ADDED from src\main\AndroidManifest.xml:43:13-60
activity#com.alipay.sdk.auth.AuthActivity
ADDED from src\main\AndroidManifest.xml:47:9-51:50
	android:screenOrientation
		ADDED from src\main\AndroidManifest.xml:51:13-47
	android:exported
		ADDED from src\main\AndroidManifest.xml:50:13-37
	android:configChanges
		ADDED from src\main\AndroidManifest.xml:49:13-74
	android:name
		ADDED from src\main\AndroidManifest.xml:48:13-60
activity#com.vegetablestrading.activity.MainActivity
ADDED from src\main\AndroidManifest.xml:52:9-55:52
	android:screenOrientation
		ADDED from src\main\AndroidManifest.xml:55:13-49
	android:label
		ADDED from src\main\AndroidManifest.xml:54:13-57
	android:name
		ADDED from src\main\AndroidManifest.xml:53:13-50
activity#com.vegetablestrading.activity.RegistActivity
ADDED from src\main\AndroidManifest.xml:56:9-58:52
	android:screenOrientation
		ADDED from src\main\AndroidManifest.xml:58:13-49
	android:name
		ADDED from src\main\AndroidManifest.xml:57:13-52
activity#com.vegetablestrading.activity.MineMode.ActivateUserActivity
ADDED from src\main\AndroidManifest.xml:59:9-61:52
	android:screenOrientation
		ADDED from src\main\AndroidManifest.xml:61:13-49
	android:name
		ADDED from src\main\AndroidManifest.xml:60:13-67
activity#com.vegetablestrading.activity.MineMode.MyInfoActivity
ADDED from src\main\AndroidManifest.xml:62:9-64:52
	android:screenOrientation
		ADDED from src\main\AndroidManifest.xml:64:13-49
	android:name
		ADDED from src\main\AndroidManifest.xml:63:13-61
activity#com.vegetablestrading.activity.MineMode.ModifyPwdActivity
ADDED from src\main\AndroidManifest.xml:65:9-67:52
	android:screenOrientation
		ADDED from src\main\AndroidManifest.xml:67:13-49
	android:name
		ADDED from src\main\AndroidManifest.xml:66:13-64
activity#com.vegetablestrading.activity.MineMode.AboutUsActivity
ADDED from src\main\AndroidManifest.xml:68:9-70:52
	android:screenOrientation
		ADDED from src\main\AndroidManifest.xml:70:13-49
	android:name
		ADDED from src\main\AndroidManifest.xml:69:13-62
activity#com.vegetablestrading.activity.MineMode.MyIntegralActivity
ADDED from src\main\AndroidManifest.xml:71:9-73:52
	android:screenOrientation
		ADDED from src\main\AndroidManifest.xml:73:13-49
	android:name
		ADDED from src\main\AndroidManifest.xml:72:13-65
activity#com.vegetablestrading.activity.MineMode.TransportRecordActivity
ADDED from src\main\AndroidManifest.xml:74:9-76:52
	android:screenOrientation
		ADDED from src\main\AndroidManifest.xml:76:13-49
	android:name
		ADDED from src\main\AndroidManifest.xml:75:13-70
activity#com.vegetablestrading.activity.MineMode.TransportInfoActivity
ADDED from src\main\AndroidManifest.xml:77:9-79:52
	android:screenOrientation
		ADDED from src\main\AndroidManifest.xml:79:13-49
	android:name
		ADDED from src\main\AndroidManifest.xml:78:13-68
activity#com.vegetablestrading.activity.MineMode.myApply.MyApplyRecordActivity
ADDED from src\main\AndroidManifest.xml:80:9-82:52
	android:screenOrientation
		ADDED from src\main\AndroidManifest.xml:82:13-49
	android:name
		ADDED from src\main\AndroidManifest.xml:81:13-76
activity#com.vegetablestrading.activity.MineMode.myApply.AddApplyActivity
ADDED from src\main\AndroidManifest.xml:83:9-85:52
	android:screenOrientation
		ADDED from src\main\AndroidManifest.xml:85:13-49
	android:name
		ADDED from src\main\AndroidManifest.xml:84:13-71
activity#com.vegetablestrading.activity.MineMode.myApply.ApplyDescriptActivity
ADDED from src\main\AndroidManifest.xml:86:9-88:52
	android:screenOrientation
		ADDED from src\main\AndroidManifest.xml:88:13-49
	android:name
		ADDED from src\main\AndroidManifest.xml:87:13-76
activity#com.vegetablestrading.activity.MineMode.myPick.PickRecordActivity
ADDED from src\main\AndroidManifest.xml:89:9-91:52
	android:screenOrientation
		ADDED from src\main\AndroidManifest.xml:91:13-49
	android:name
		ADDED from src\main\AndroidManifest.xml:90:13-72
activity#com.vegetablestrading.activity.MineMode.CustomerComplainActivity
ADDED from src\main\AndroidManifest.xml:92:9-94:52
	android:screenOrientation
		ADDED from src\main\AndroidManifest.xml:94:13-49
	android:name
		ADDED from src\main\AndroidManifest.xml:93:13-71
activity#com.vegetablestrading.activity.MineMode.QuitPetActivity
ADDED from src\main\AndroidManifest.xml:95:9-97:52
	android:screenOrientation
		ADDED from src\main\AndroidManifest.xml:97:13-49
	android:name
		ADDED from src\main\AndroidManifest.xml:96:13-62
activity#com.vegetablestrading.activity.ForgetPwdActivity
ADDED from src\main\AndroidManifest.xml:98:9-100:52
	android:screenOrientation
		ADDED from src\main\AndroidManifest.xml:100:13-49
	android:name
		ADDED from src\main\AndroidManifest.xml:99:13-55
activity#com.vegetablestrading.activity.MineMode.TermOfServiceActivity
ADDED from src\main\AndroidManifest.xml:101:9-103:52
	android:screenOrientation
		ADDED from src\main\AndroidManifest.xml:103:13-49
	android:name
		ADDED from src\main\AndroidManifest.xml:102:13-68
activity#com.vegetablestrading.activity.MineMode.ActivatedActivity
ADDED from src\main\AndroidManifest.xml:104:9-106:52
	android:screenOrientation
		ADDED from src\main\AndroidManifest.xml:106:13-49
	android:name
		ADDED from src\main\AndroidManifest.xml:105:13-64
activity#com.vegetablestrading.activity.MineMode.myPick.MyPickActivity
ADDED from src\main\AndroidManifest.xml:107:9-109:52
	android:screenOrientation
		ADDED from src\main\AndroidManifest.xml:109:13-49
	android:name
		ADDED from src\main\AndroidManifest.xml:108:13-68
activity#com.vegetablestrading.activity.VegetableDescriptActivity
ADDED from src\main\AndroidManifest.xml:110:9-81
	android:name
		ADDED from src\main\AndroidManifest.xml:110:19-69
uses-sdk
INJECTED from src\main\AndroidManifest.xml reason: use-sdk injection requested
MERGED from [:chose_address:] AndroidManifest.xml:7:5-9:41
MERGED from [:checkUpdate1214:] AndroidManifest.xml:7:5-9:41
MERGED from [com.zhy:okhttputils:2.6.2] AndroidManifest.xml:7:5-9:41
MERGED from [com.android.support:cardview-v7:25.3.1] AndroidManifest.xml:20:5-43
MERGED from [com.android.support.constraint:constraint-layout:1.0.2] AndroidManifest.xml:5:5-7:41
MERGED from [com.android.support:design:25.3.1] AndroidManifest.xml:21:5-23:62
MERGED from [com.android.support:appcompat-v7:25.3.1] AndroidManifest.xml:21:5-23:78
MERGED from [com.android.support:animated-vector-drawable:25.3.1] AndroidManifest.xml:20:5-44
MERGED from [com.android.support:support-vector-drawable:25.3.1] AndroidManifest.xml:20:5-43
MERGED from [com.android.support:recyclerview-v7:25.3.1] AndroidManifest.xml:20:5-43
MERGED from [com.android.support:transition:25.3.1] AndroidManifest.xml:20:5-44
MERGED from [com.android.support:support-v4:25.3.1] AndroidManifest.xml:21:5-23:54
MERGED from [com.android.support:support-fragment:25.3.1] AndroidManifest.xml:21:5-23:60
MERGED from [com.android.support:support-media-compat:25.3.1] AndroidManifest.xml:21:5-23:63
MERGED from [com.android.support:support-core-ui:25.3.1] AndroidManifest.xml:21:5-23:58
MERGED from [com.android.support:support-core-utils:25.3.1] AndroidManifest.xml:21:5-23:61
MERGED from [com.android.support:support-compat:25.3.1] AndroidManifest.xml:21:5-23:58
MERGED from [com.github.zackratos.ultimatebar:ultimatebar2:2.0.0] AndroidManifest.xml:7:5-9:41
	tools:overrideLibrary
		ADDED from [com.android.support:design:25.3.1] AndroidManifest.xml:23:9-59
	android:targetSdkVersion
		INJECTED from src\main\AndroidManifest.xml
		INJECTED from src\main\AndroidManifest.xml
	android:minSdkVersion
		INJECTED from src\main\AndroidManifest.xml
		INJECTED from src\main\AndroidManifest.xml
activity#com.choseaddrdemo.selectAddr.ChooserActivity
ADDED from [:chose_address:] AndroidManifest.xml:14:9-16:59
	android:theme
		ADDED from [:chose_address:] AndroidManifest.xml:16:13-56
	android:name
		ADDED from [:chose_address:] AndroidManifest.xml:15:13-72
uses-permission#android.permission.ACCESS_COARSE_LOCATION
ADDED from [:checkUpdate1214:] AndroidManifest.xml:11:5-81
	android:name
		ADDED from [:checkUpdate1214:] AndroidManifest.xml:11:22-78
uses-permission#android.permission.ACCESS_FINE_LOCATION
ADDED from [:checkUpdate1214:] AndroidManifest.xml:13:5-79
	android:name
		ADDED from [:checkUpdate1214:] AndroidManifest.xml:13:22-76
uses-permission#android.permission.CHANGE_WIFI_STATE
ADDED from [:checkUpdate1214:] AndroidManifest.xml:19:5-76
	android:name
		ADDED from [:checkUpdate1214:] AndroidManifest.xml:19:22-73
uses-permission#android.permission.MOUNT_UNMOUNT_FILESYSTEMS
ADDED from [:checkUpdate1214:] AndroidManifest.xml:25:5-84
	android:name
		ADDED from [:checkUpdate1214:] AndroidManifest.xml:25:22-81
uses-permission#android.permission.ACCESS_LOCATION_EXTRA_COMMANDS
ADDED from [:checkUpdate1214:] AndroidManifest.xml:29:5-89
	android:name
		ADDED from [:checkUpdate1214:] AndroidManifest.xml:29:22-86
meta-data#android.support.VERSION
ADDED from [com.android.support:cardview-v7:25.3.1] AndroidManifest.xml:22:5-24:34
MERGED from [com.android.support:design:25.3.1] AndroidManifest.xml:25:5-27:34
MERGED from [com.android.support:appcompat-v7:25.3.1] AndroidManifest.xml:25:5-27:34
MERGED from [com.android.support:animated-vector-drawable:25.3.1] AndroidManifest.xml:22:5-24:34
MERGED from [com.android.support:support-vector-drawable:25.3.1] AndroidManifest.xml:22:5-24:34
MERGED from [com.android.support:recyclerview-v7:25.3.1] AndroidManifest.xml:22:5-24:34
MERGED from [com.android.support:transition:25.3.1] AndroidManifest.xml:22:5-24:34
MERGED from [com.android.support:support-v4:25.3.1] AndroidManifest.xml:25:5-27:34
MERGED from [com.android.support:support-fragment:25.3.1] AndroidManifest.xml:25:5-27:34
MERGED from [com.android.support:support-media-compat:25.3.1] AndroidManifest.xml:25:5-27:34
MERGED from [com.android.support:support-core-ui:25.3.1] AndroidManifest.xml:25:5-27:34
MERGED from [com.android.support:support-core-utils:25.3.1] AndroidManifest.xml:25:5-27:34
MERGED from [com.android.support:support-compat:25.3.1] AndroidManifest.xml:25:5-27:34
	android:value
		ADDED from [com.android.support:cardview-v7:25.3.1] AndroidManifest.xml:24:9-31
	android:name
		ADDED from [com.android.support:cardview-v7:25.3.1] AndroidManifest.xml:23:9-47